<?xml version="1.0" encoding="UTF-8"?>
<!-- Generated by org.testng.reporters.JUnitReportReporter -->
<testsuite hostname="Prem_raj" failures="0" tests="6" name="com.testingex.Testing" time="0.022" errors="0" timestamp="2024-01-05T21:49:37 IST" skipped="0">
  <testcase classname="com.testingex.Testing" name="test" time="0.003"/>
  <testcase classname="com.testingex.Testing" name="Group" time="0.010"/>
  <testcase classname="com.testingex.Testing" name="test" time="0.002"/>
  <testcase classname="com.testingex.Testing" name="test1" time="0.001"/>
  <testcase classname="com.testingex.Testing" name="test1" time="0.004"/>
  <testcase classname="com.testingex.Testing" name="add" time="0.002"/>
</testsuite> <!-- com.testingex.Testing -->
