<?xml version="1.0" encoding="UTF-8"?>
<!-- Generated by org.testng.reporters.JUnitReportReporter -->
<testsuite hostname="Prem_raj" failures="0" tests="2" name="com.testingex.Commanex" time="0.003" errors="0" timestamp="2024-01-05T21:49:37 IST" skipped="0">
  <testcase classname="com.testingex.Commanex" name="getdataset" time="0.002"/>
  <testcase classname="com.testingex.Commanex" name="getdataset" time="0.001"/>
</testsuite> <!-- com.testingex.Commanex -->
