<?xml version="1.0" encoding="UTF-8"?>
<!-- Generated by org.testng.reporters.JUnitReportReporter -->
<testsuite hostname="Prem_raj" failures="0" tests="3" name="com.testingex.Testing2" time="0.009" errors="0" timestamp="2024-01-05T21:49:37 IST" skipped="0">
  <testcase classname="com.testingex.Testing2" name="getParameterFromXML" time="0.002"/>
  <testcase classname="com.testingex.Testing2" name="Group" time="0.003"/>
  <testcase classname="com.testingex.Testing2" name="add" time="0.004"/>
</testsuite> <!-- com.testingex.Testing2 -->
