<?xml version="1.0" encoding="UTF-8"?>
<!-- Generated by org.testng.reporters.JUnitReportReporter -->
<testsuite hostname="Prem_raj" failures="0" tests="2" name="com.testingex.SkipTestExample" time="0.001" errors="0" timestamp="2024-01-05T21:49:37 IST" skipped="2">
  <testcase classname="com.testingex.SkipTestExample" name="skiptestsecondmethod" time="0.001">
    <skipped/>
  </testcase> <!-- skiptestsecondmethod -->
  <testcase classname="com.testingex.SkipTestExample" name="skiptestfirstmethod">
    <skipped/>
  </testcase> <!-- skiptestfirstmethod -->
</testsuite> <!-- com.testingex.SkipTestExample -->
